  Bone_Animation.cpp
  main.cpp
d:\computer animation\vs projects\assignment 6\assignment 6\shader.h(51): warning C4101: 'info_log': unreferenced local variable
d:\computer animation\vs projects\assignment 6\assignment 6\object.h(141): warning C4018: '<': signed/unsigned mismatch
d:\computer animation\vs projects\assignment 6\assignment 6\object.h(174): warning C4305: 'argument': truncation from 'int' to 'T'
          with
          [
              T=float
          ]
  Renderer.cpp
d:\computer animation\vs projects\assignment 6\assignment 6\shader.h(51): warning C4101: 'info_log': unreferenced local variable
d:\computer animation\vs projects\assignment 6\assignment 6\object.h(141): warning C4018: '<': signed/unsigned mismatch
d:\computer animation\vs projects\assignment 6\assignment 6\object.h(174): warning C4305: 'argument': truncation from 'int' to 'T'
          with
          [
              T=float
          ]
d:\computer animation\vs projects\assignment 6\assignment 6\renderer.cpp(225): warning C4244: 'initializing': conversion from 'double' to 'float', possible loss of data
  Generating Code...
Renderer.obj : error LNK2019: unresolved external symbol _glewInit@0 referenced in function "public: void __thiscall Renderer::init(void)" (?init@Renderer@@QAEXXZ)
Renderer.obj : error LNK2019: unresolved external symbol _glfwInit referenced in function "public: void __thiscall Renderer::init(void)" (?init@Renderer@@QAEXXZ)
Renderer.obj : error LNK2019: unresolved external symbol _glfwTerminate referenced in function "public: void __thiscall Renderer::display(struct GLFWwindow *)" (?display@Renderer@@QAEXPAUGLFWwindow@@@Z)
Renderer.obj : error LNK2019: unresolved external symbol _glfwWindowHint referenced in function "public: void __thiscall Renderer::init(void)" (?init@Renderer@@QAEXXZ)
Renderer.obj : error LNK2019: unresolved external symbol _glfwCreateWindow referenced in function "public: void __thiscall Renderer::init(void)" (?init@Renderer@@QAEXXZ)
Renderer.obj : error LNK2019: unresolved external symbol _glfwWindowShouldClose referenced in function "public: void __thiscall Renderer::display(struct GLFWwindow *)" (?display@Renderer@@QAEXPAUGLFWwindow@@@Z)
Renderer.obj : error LNK2019: unresolved external symbol _glfwSetWindowShouldClose referenced in function "public: void __thiscall <lambda_38ee612a02efe268503183386f2bcd69>::operator()(struct GLFWwindow *,int,int,int,int)const " (??R<lambda_38ee612a02efe268503183386f2bcd69>@@QBEXPAUGLFWwindow@@HHHH@Z)
Renderer.obj : error LNK2019: unresolved external symbol _glfwSetFramebufferSizeCallback referenced in function "public: void __thiscall Renderer::nanogui_init(struct GLFWwindow *)" (?nanogui_init@Renderer@@QAEXPAUGLFWwindow@@@Z)
Renderer.obj : error LNK2019: unresolved external symbol _glfwPollEvents referenced in function "public: void __thiscall Renderer::display(struct GLFWwindow *)" (?display@Renderer@@QAEXPAUGLFWwindow@@@Z)
Renderer.obj : error LNK2019: unresolved external symbol _glfwSetKeyCallback referenced in function "public: void __thiscall Renderer::nanogui_init(struct GLFWwindow *)" (?nanogui_init@Renderer@@QAEXPAUGLFWwindow@@@Z)
Renderer.obj : error LNK2019: unresolved external symbol _glfwSetCharCallback referenced in function "public: void __thiscall Renderer::nanogui_init(struct GLFWwindow *)" (?nanogui_init@Renderer@@QAEXPAUGLFWwindow@@@Z)
Renderer.obj : error LNK2019: unresolved external symbol _glfwSetMouseButtonCallback referenced in function "public: void __thiscall Renderer::nanogui_init(struct GLFWwindow *)" (?nanogui_init@Renderer@@QAEXPAUGLFWwindow@@@Z)
Renderer.obj : error LNK2019: unresolved external symbol _glfwSetCursorPosCallback referenced in function "public: void __thiscall Renderer::nanogui_init(struct GLFWwindow *)" (?nanogui_init@Renderer@@QAEXPAUGLFWwindow@@@Z)
Renderer.obj : error LNK2019: unresolved external symbol _glfwSetScrollCallback referenced in function "public: void __thiscall Renderer::nanogui_init(struct GLFWwindow *)" (?nanogui_init@Renderer@@QAEXPAUGLFWwindow@@@Z)
Renderer.obj : error LNK2019: unresolved external symbol _glfwSetDropCallback referenced in function "public: void __thiscall Renderer::nanogui_init(struct GLFWwindow *)" (?nanogui_init@Renderer@@QAEXPAUGLFWwindow@@@Z)
Renderer.obj : error LNK2019: unresolved external symbol _glfwGetTime referenced in function "public: void __thiscall Renderer::camera_move(void)" (?camera_move@Renderer@@QAEXXZ)
Renderer.obj : error LNK2019: unresolved external symbol _glfwMakeContextCurrent referenced in function "public: void __thiscall Renderer::init(void)" (?init@Renderer@@QAEXXZ)
Renderer.obj : error LNK2019: unresolved external symbol _glfwSwapBuffers referenced in function "public: void __thiscall Renderer::display(struct GLFWwindow *)" (?display@Renderer@@QAEXPAUGLFWwindow@@@Z)
Renderer.obj : error LNK2019: unresolved external symbol "public: void __thiscall nanogui::Object::decRef(bool)const " (?decRef@Object@nanogui@@QBEX_N@Z) referenced in function "public: __thiscall nanogui::ref<class nanogui::AdvancedGridLayout>::~ref<class nanogui::AdvancedGridLayout>(void)" (??1?$ref@VAdvancedGridLayout@nanogui@@@nanogui@@QAE@XZ)
Renderer.obj : error LNK2001: unresolved external symbol "public: virtual void __thiscall nanogui::Widget::addChild(int,class nanogui::Widget *)" (?addChild@Widget@nanogui@@UAEXHPAV12@@Z)
Renderer.obj : error LNK2001: unresolved external symbol "public: virtual bool __thiscall nanogui::Widget::mouseEnterEvent(class Eigen::Matrix<int,2,1,0,2,1> const &,bool)" (?mouseEnterEvent@Widget@nanogui@@UAE_NABV?$Matrix@H$01$00$0A@$01$00@Eigen@@_N@Z)
Renderer.obj : error LNK2019: unresolved external symbol "public: virtual bool __thiscall nanogui::Widget::scrollEvent(class Eigen::Matrix<int,2,1,0,2,1> const &,class Eigen::Matrix<float,2,1,0,2,1> const &)" (?scrollEvent@Widget@nanogui@@UAE_NABV?$Matrix@H$01$00$0A@$01$00@Eigen@@ABV?$Matrix@M$01$00$0A@$01$00@4@@Z) referenced in function "public: virtual bool __thiscall nanogui::FloatBox<float>::scrollEvent(class Eigen::Matrix<int,2,1,0,2,1> const &,class Eigen::Matrix<float,2,1,0,2,1> const &)" (?scrollEvent@?$FloatBox@M@nanogui@@UAE_NABV?$Matrix@H$01$00$0A@$01$00@Eigen@@ABV?$Matrix@M$01$00$0A@$01$00@4@@Z)
Renderer.obj : error LNK2019: unresolved external symbol "public: virtual void __thiscall nanogui::Widget::performLayout(struct NVGcontext *)" (?performLayout@Widget@nanogui@@UAEXPAUNVGcontext@@@Z) referenced in function "public: void __thiscall nanogui::Screen::performLayout(void)" (?performLayout@Screen@nanogui@@QAEXXZ)
Renderer.obj : error LNK2019: unresolved external symbol "protected: virtual __thiscall nanogui::Widget::~Widget(void)" (??1Widget@nanogui@@MAE@XZ) referenced in function "public: virtual __thiscall nanogui::TextBox::~TextBox(void)" (??1TextBox@nanogui@@UAE@XZ)
Renderer.obj : error LNK2019: unresolved external symbol "public: void __thiscall nanogui::Screen::setVisible(bool)" (?setVisible@Screen@nanogui@@QAEX_N@Z) referenced in function "public: void __thiscall Renderer::nanogui_init(struct GLFWwindow *)" (?nanogui_init@Renderer@@QAEXPAUGLFWwindow@@@Z)
Renderer.obj : error LNK2019: unresolved external symbol "public: __thiscall nanogui::Screen::Screen(void)" (??0Screen@nanogui@@QAE@XZ) referenced in function "public: void __thiscall Renderer::nanogui_init(struct GLFWwindow *)" (?nanogui_init@Renderer@@QAEXPAUGLFWwindow@@@Z)
Renderer.obj : error LNK2019: unresolved external symbol "public: void __thiscall nanogui::Screen::initialize(struct GLFWwindow *,bool)" (?initialize@Screen@nanogui@@QAEXPAUGLFWwindow@@_N@Z) referenced in function "public: void __thiscall Renderer::nanogui_init(struct GLFWwindow *)" (?nanogui_init@Renderer@@QAEXPAUGLFWwindow@@@Z)
Renderer.obj : error LNK2019: unresolved external symbol "public: bool __thiscall nanogui::Screen::cursorPosCallbackEvent(double,double)" (?cursorPosCallbackEvent@Screen@nanogui@@QAE_NNN@Z) referenced in function "public: void __thiscall <lambda_2f67b201b44ffc8f79ff165720b11791>::operator()(struct GLFWwindow *,double,double)const " (??R<lambda_2f67b201b44ffc8f79ff165720b11791>@@QBEXPAUGLFWwindow@@NN@Z)
Renderer.obj : error LNK2019: unresolved external symbol "public: bool __thiscall nanogui::Screen::mouseButtonCallbackEvent(int,int,int)" (?mouseButtonCallbackEvent@Screen@nanogui@@QAE_NHHH@Z) referenced in function "public: void __thiscall <lambda_86de9c44eccac5415a1465098b901238>::operator()(struct GLFWwindow *,int,int,int)const " (??R<lambda_86de9c44eccac5415a1465098b901238>@@QBEXPAUGLFWwindow@@HHH@Z)
Renderer.obj : error LNK2019: unresolved external symbol "public: bool __thiscall nanogui::Screen::charCallbackEvent(unsigned int)" (?charCallbackEvent@Screen@nanogui@@QAE_NI@Z) referenced in function "public: void __thiscall <lambda_f2ae94d33a1c7455c72a8ac3eeb06f46>::operator()(struct GLFWwindow *,unsigned int)const " (??R<lambda_f2ae94d33a1c7455c72a8ac3eeb06f46>@@QBEXPAUGLFWwindow@@I@Z)
Renderer.obj : error LNK2019: unresolved external symbol "public: bool __thiscall nanogui::Screen::dropCallbackEvent(int,char const * *)" (?dropCallbackEvent@Screen@nanogui@@QAE_NHPAPBD@Z) referenced in function "public: void __thiscall <lambda_fa3ca00092ccdf8fc6e3916498e83690>::operator()(struct GLFWwindow *,int,char const * *)const " (??R<lambda_fa3ca00092ccdf8fc6e3916498e83690>@@QBEXPAUGLFWwindow@@HPAPBD@Z)
Renderer.obj : error LNK2019: unresolved external symbol "public: bool __thiscall nanogui::Screen::scrollCallbackEvent(double,double)" (?scrollCallbackEvent@Screen@nanogui@@QAE_NNN@Z) referenced in function "public: void __thiscall <lambda_530516dbdb65448ab9f13e079549f399>::operator()(struct GLFWwindow *,double,double)const " (??R<lambda_530516dbdb65448ab9f13e079549f399>@@QBEXPAUGLFWwindow@@NN@Z)
Renderer.obj : error LNK2019: unresolved external symbol "public: bool __thiscall nanogui::Screen::resizeCallbackEvent(int,int)" (?resizeCallbackEvent@Screen@nanogui@@QAE_NHH@Z) referenced in function "public: void __thiscall <lambda_77700b415929cfb07675a9067e114211>::operator()(struct GLFWwindow *,int,int)const " (??R<lambda_77700b415929cfb07675a9067e114211>@@QBEXPAUGLFWwindow@@HH@Z)
Renderer.obj : error LNK2019: unresolved external symbol "public: void __thiscall nanogui::Screen::drawWidgets(void)" (?drawWidgets@Screen@nanogui@@QAEXXZ) referenced in function "public: void __thiscall Renderer::display(struct GLFWwindow *)" (?display@Renderer@@QAEXPAUGLFWwindow@@@Z)
Renderer.obj : error LNK2019: unresolved external symbol "public: __thiscall nanogui::Window::Window(class nanogui::Widget *,class std::basic_string<char,struct std::char_traits<char>,class std::allocator<char> > const &)" (??0Window@nanogui@@QAE@PAVWidget@1@ABV?$basic_string@DU?$char_traits@D@std@@V?$allocator@D@2@@std@@@Z) referenced in function "public: class nanogui::Window * __thiscall nanogui::FormHelper::addWindow(class Eigen::Matrix<int,2,1,0,2,1> const &,class std::basic_string<char,struct std::char_traits<char>,class std::allocator<char> > const &)" (?addWindow@FormHelper@nanogui@@QAEPAVWindow@2@ABV?$Matrix@H$01$00$0A@$01$00@Eigen@@ABV?$basic_string@DU?$char_traits@D@std@@V?$allocator@D@2@@std@@@Z)
Renderer.obj : error LNK2019: unresolved external symbol "public: __thiscall nanogui::AdvancedGridLayout::AdvancedGridLayout(class std::vector<int,class std::allocator<int> > const &,class std::vector<int,class std::allocator<int> > const &,int)" (??0AdvancedGridLayout@nanogui@@QAE@ABV?$vector@HV?$allocator@H@std@@@std@@0H@Z) referenced in function "public: class nanogui::Window * __thiscall nanogui::FormHelper::addWindow(class Eigen::Matrix<int,2,1,0,2,1> const &,class std::basic_string<char,struct std::char_traits<char>,class std::allocator<char> > const &)" (?addWindow@FormHelper@nanogui@@QAEPAVWindow@2@ABV?$Matrix@H$01$00$0A@$01$00@Eigen@@ABV?$basic_string@DU?$char_traits@D@std@@V?$allocator@D@2@@std@@@Z)
Renderer.obj : error LNK2019: unresolved external symbol "public: __thiscall nanogui::Label::Label(class nanogui::Widget *,class std::basic_string<char,struct std::char_traits<char>,class std::allocator<char> > const &,class std::basic_string<char,struct std::char_traits<char>,class std::allocator<char> > const &,int)" (??0Label@nanogui@@QAE@PAVWidget@1@ABV?$basic_string@DU?$char_traits@D@std@@V?$allocator@D@2@@std@@1H@Z) referenced in function "public: class nanogui::detail::FormWidget<float,struct std::integral_constant<bool,1> > * __thiscall nanogui::FormHelper::addVariable<float>(class std::basic_string<char,struct std::char_traits<char>,class std::allocator<char> > const &,class std::function<void __cdecl(float const &)> const &,class std::function<float __cdecl(void)> const &,bool)" (??$addVariable@M@FormHelper@nanogui@@QAEPAV?$FormWidget@MU?$integral_constant@_N$00@std@@@detail@1@ABV?$basic_string@DU?$char_traits@D@std@@V?$allocator@D@2@@std@@ABV?$function@$$A6AXABM@Z@5@ABV?$function@$$A6AMXZ@5@_N@Z)
Renderer.obj : error LNK2019: unresolved external symbol "public: __thiscall nanogui::Button::Button(class nanogui::Widget *,class std::basic_string<char,struct std::char_traits<char>,class std::allocator<char> > const &,int)" (??0Button@nanogui@@QAE@PAVWidget@1@ABV?$basic_string@DU?$char_traits@D@std@@V?$allocator@D@2@@std@@H@Z) referenced in function "public: class nanogui::Button * __thiscall nanogui::FormHelper::addButton(class std::basic_string<char,struct std::char_traits<char>,class std::allocator<char> > const &,class std::function<void __cdecl(void)> const &)" (?addButton@FormHelper@nanogui@@QAEPAVButton@2@ABV?$basic_string@DU?$char_traits@D@std@@V?$allocator@D@2@@std@@ABV?$function@$$A6AXXZ@5@@Z)
Renderer.obj : error LNK2019: unresolved external symbol "public: __thiscall nanogui::TextBox::TextBox(class nanogui::Widget *,class std::basic_string<char,struct std::char_traits<char>,class std::allocator<char> > const &)" (??0TextBox@nanogui@@QAE@PAVWidget@1@ABV?$basic_string@DU?$char_traits@D@std@@V?$allocator@D@2@@std@@@Z) referenced in function "public: __thiscall nanogui::FloatBox<float>::FloatBox<float>(class nanogui::Widget *,float)" (??0?$FloatBox@M@nanogui@@QAE@PAVWidget@1@M@Z)
Renderer.obj : error LNK2019: unresolved external symbol "public: void __thiscall nanogui::TextBox::setEditable(bool)" (?setEditable@TextBox@nanogui@@QAEX_N@Z) referenced in function "public: class nanogui::detail::FormWidget<float,struct std::integral_constant<bool,1> > * __thiscall nanogui::FormHelper::addVariable<float>(class std::basic_string<char,struct std::char_traits<char>,class std::allocator<char> > const &,class std::function<void __cdecl(float const &)> const &,class std::function<float __cdecl(void)> const &,bool)" (??$addVariable@M@FormHelper@nanogui@@QAEPAV?$FormWidget@MU?$integral_constant@_N$00@std@@@detail@1@ABV?$basic_string@DU?$char_traits@D@std@@V?$allocator@D@2@@std@@ABV?$function@$$A6AXABM@Z@5@ABV?$function@$$A6AMXZ@5@_N@Z)
Renderer.obj : error LNK2001: unresolved external symbol "public: virtual void __thiscall nanogui::TextBox::setTheme(class nanogui::Theme *)" (?setTheme@TextBox@nanogui@@UAEXPAVTheme@2@@Z)
Renderer.obj : error LNK2019: unresolved external symbol "public: virtual bool __thiscall nanogui::TextBox::mouseButtonEvent(class Eigen::Matrix<int,2,1,0,2,1> const &,int,bool,int)" (?mouseButtonEvent@TextBox@nanogui@@UAE_NABV?$Matrix@H$01$00$0A@$01$00@Eigen@@H_NH@Z) referenced in function "public: virtual bool __thiscall nanogui::FloatBox<float>::mouseButtonEvent(class Eigen::Matrix<int,2,1,0,2,1> const &,int,bool,int)" (?mouseButtonEvent@?$FloatBox@M@nanogui@@UAE_NABV?$Matrix@H$01$00$0A@$01$00@Eigen@@H_NH@Z)
Renderer.obj : error LNK2001: unresolved external symbol "public: virtual bool __thiscall nanogui::TextBox::mouseMotionEvent(class Eigen::Matrix<int,2,1,0,2,1> const &,class Eigen::Matrix<int,2,1,0,2,1> const &,int,int)" (?mouseMotionEvent@TextBox@nanogui@@UAE_NABV?$Matrix@H$01$00$0A@$01$00@Eigen@@0HH@Z)
Renderer.obj : error LNK2019: unresolved external symbol "public: virtual bool __thiscall nanogui::TextBox::mouseDragEvent(class Eigen::Matrix<int,2,1,0,2,1> const &,class Eigen::Matrix<int,2,1,0,2,1> const &,int,int)" (?mouseDragEvent@TextBox@nanogui@@UAE_NABV?$Matrix@H$01$00$0A@$01$00@Eigen@@0HH@Z) referenced in function "public: virtual bool __thiscall nanogui::FloatBox<float>::mouseDragEvent(class Eigen::Matrix<int,2,1,0,2,1> const &,class Eigen::Matrix<int,2,1,0,2,1> const &,int,int)" (?mouseDragEvent@?$FloatBox@M@nanogui@@UAE_NABV?$Matrix@H$01$00$0A@$01$00@Eigen@@0HH@Z)
Renderer.obj : error LNK2001: unresolved external symbol "public: virtual bool __thiscall nanogui::TextBox::focusEvent(bool)" (?focusEvent@TextBox@nanogui@@UAE_N_N@Z)
Renderer.obj : error LNK2001: unresolved external symbol "public: virtual bool __thiscall nanogui::TextBox::keyboardEvent(int,int,int,int)" (?keyboardEvent@TextBox@nanogui@@UAE_NHHHH@Z)
Renderer.obj : error LNK2001: unresolved external symbol "public: virtual bool __thiscall nanogui::TextBox::keyboardCharacterEvent(unsigned int)" (?keyboardCharacterEvent@TextBox@nanogui@@UAE_NI@Z)
Renderer.obj : error LNK2001: unresolved external symbol "public: virtual class Eigen::Matrix<int,2,1,0,2,1> __thiscall nanogui::TextBox::preferredSize(struct NVGcontext *)const " (?preferredSize@TextBox@nanogui@@UBE?AV?$Matrix@H$01$00$0A@$01$00@Eigen@@PAUNVGcontext@@@Z)
Renderer.obj : error LNK2001: unresolved external symbol "public: virtual void __thiscall nanogui::TextBox::draw(struct NVGcontext *)" (?draw@TextBox@nanogui@@UAEXPAUNVGcontext@@@Z)
Renderer.obj : error LNK2001: unresolved external symbol "public: virtual void __thiscall nanogui::TextBox::save(class nanogui::Serializer &)const " (?save@TextBox@nanogui@@UBEXAAVSerializer@2@@Z)
Renderer.obj : error LNK2001: unresolved external symbol "public: virtual bool __thiscall nanogui::TextBox::load(class nanogui::Serializer &)" (?load@TextBox@nanogui@@UAE_NAAVSerializer@2@@Z)
Renderer.obj : error LNK2019: unresolved external symbol "protected: enum nanogui::TextBox::SpinArea __thiscall nanogui::TextBox::spinArea(class Eigen::Matrix<int,2,1,0,2,1> const &)" (?spinArea@TextBox@nanogui@@IAE?AW4SpinArea@12@ABV?$Matrix@H$01$00$0A@$01$00@Eigen@@@Z) referenced in function "public: virtual bool __thiscall nanogui::FloatBox<float>::mouseButtonEvent(class Eigen::Matrix<int,2,1,0,2,1> const &,int,bool,int)" (?mouseButtonEvent@?$FloatBox@M@nanogui@@UAE_NABV?$Matrix@H$01$00$0A@$01$00@Eigen@@H_NH@Z)
Renderer.obj : error LNK2001: unresolved external symbol ___glewBindBuffer
Renderer.obj : error LNK2001: unresolved external symbol ___glewBufferData
Renderer.obj : error LNK2001: unresolved external symbol ___glewGenBuffers
Renderer.obj : error LNK2001: unresolved external symbol ___glewAttachShader
Renderer.obj : error LNK2001: unresolved external symbol ___glewCompileShader
Renderer.obj : error LNK2001: unresolved external symbol ___glewCreateProgram
Renderer.obj : error LNK2001: unresolved external symbol ___glewCreateShader
Renderer.obj : error LNK2001: unresolved external symbol ___glewDeleteShader
Renderer.obj : error LNK2001: unresolved external symbol ___glewEnableVertexAttribArray
Renderer.obj : error LNK2001: unresolved external symbol ___glewGetProgramiv
Renderer.obj : error LNK2001: unresolved external symbol ___glewGetShaderInfoLog
Renderer.obj : error LNK2001: unresolved external symbol ___glewGetShaderiv
Renderer.obj : error LNK2001: unresolved external symbol ___glewGetUniformLocation
Renderer.obj : error LNK2001: unresolved external symbol ___glewLinkProgram
Renderer.obj : error LNK2001: unresolved external symbol ___glewShaderSource
Renderer.obj : error LNK2001: unresolved external symbol ___glewUniform1f
Renderer.obj : error LNK2001: unresolved external symbol ___glewUniform1i
Renderer.obj : error LNK2001: unresolved external symbol ___glewUniform3f
Renderer.obj : error LNK2001: unresolved external symbol ___glewUniformMatrix4fv
Renderer.obj : error LNK2001: unresolved external symbol ___glewUseProgram
Renderer.obj : error LNK2001: unresolved external symbol ___glewVertexAttribPointer
Renderer.obj : error LNK2001: unresolved external symbol ___glewBindVertexArray
Renderer.obj : error LNK2001: unresolved external symbol ___glewGenVertexArrays
Renderer.obj : error LNK2001: unresolved external symbol _glewExperimental
D:\Computer Animation\opengl_configuration-master\nanogui\lib\nanogui.lib : warning LNK4272: library machine type 'x64' conflicts with target machine type 'x86'
D:\Computer Animation\opengl_configuration-master\glew\lib\Release\x64\glew32s.lib : warning LNK4272: library machine type 'x64' conflicts with target machine type 'x86'
D:\Computer Animation\opengl_configuration-master\glfw\lib-vc2015\glfw3.lib : warning LNK4272: library machine type 'x64' conflicts with target machine type 'x86'
D:\Computer Animation\VS Projects\Assignment 6\Debug\Assignment 6.exe : fatal error LNK1120: 76 unresolved externals
